<?xml version="1.0" encoding="UTF-8"?>
<testsuite xmlns:xsi="http://www.w3.org/2001/XMLSchema-instance" xsi:noNamespaceSchemaLocation="https://maven.apache.org/surefire/maven-surefire-plugin/xsd/surefire-test-report-3.0.xsd" version="3.0" name="MathUtilsTest" time="0.137" tests="2" errors="0" skipped="0" failures="0">
  <properties>
[...]
</properties>
  <testcase name="testDivideByZero" classname="MathUtilsTest" time="0.121">
    <system-out><![CDATA[20:52:52.153 [main] ERROR MathUtils - Division by zero error with divisor: 0
]]></system-out>
  </testcase>
  <testcase name="testAdd" classname="MathUtilsTest" time="0.002">
    <system-out><![CDATA[20:52:52.163 [main] INFO  MathUtils - Performing addition: 7 + 3
]]></system-out>
  </testcase>
</testsuite>